<?xml version="1.0" encoding="UTF-8"?>
<testng-results ignored="0" total="1" passed="1" failed="0" skipped="0">
  <reporter-output>
  </reporter-output>
  <suite started-at="2023-02-27T16:39:26 IST" name="Default suite" finished-at="2023-02-27T16:40:18 IST" duration-ms="52583">
    <groups>
    </groups>
    <test started-at="2023-02-27T16:39:26 IST" name="Default test" finished-at="2023-02-27T16:40:18 IST" duration-ms="52583">
      <class name="EndToEnd.TestCases.TestCasesToSignUp">
        <test-method signature="SignUp()[pri:0, instance:EndToEnd.TestCases.TestCasesToSignUp@4ec4f3a0]" started-at="2023-02-27T16:39:26 IST" name="SignUp" finished-at="2023-02-27T16:40:18 IST" duration-ms="52523" status="PASS">
          <reporter-output>
          </reporter-output>
        </test-method> <!-- SignUp -->
      </class> <!-- EndToEnd.TestCases.TestCasesToSignUp -->
    </test> <!-- Default test -->
  </suite> <!-- Default suite -->
</testng-results>
