<?xml version="1.0" encoding="UTF-8"?>
<testng-results ignored="0" total="1" passed="1" failed="0" skipped="0">
  <reporter-output>
  </reporter-output>
  <suite started-at="2023-01-17T18:14:01 IST" name="Suite" finished-at="2023-01-17T18:14:45 IST" duration-ms="43926">
    <groups>
    </groups>
    <test started-at="2023-01-17T18:14:01 IST" name="TestCasesToSignUp" finished-at="2023-01-17T18:14:45 IST" duration-ms="43926">
      <class name="EndToEnd.TestCases.TestCasesToSignUp">
        <test-method signature="SignUp()[pri:0, instance:EndToEnd.TestCases.TestCasesToSignUp@35ef1869]" started-at="2023-01-17T18:14:01 IST" name="SignUp" finished-at="2023-01-17T18:14:45 IST" duration-ms="43889" status="PASS">
          <reporter-output>
          </reporter-output>
        </test-method> <!-- SignUp -->
      </class> <!-- EndToEnd.TestCases.TestCasesToSignUp -->
    </test> <!-- TestCasesToSignUp -->
  </suite> <!-- Suite -->
</testng-results>
